1580872949830:register-product
1580872973635:exit
1580873001262:register-product
1580873012849:stacktrace
1580873037350:register-product
1580873066953:exit
1580873092472:register-product
1580873640835:list-tab
1580873908943:exit
1580873950998:register-product
1580874035000:exit
1580874056872:register-product
1580902282992:exit
1580951668791:register-product
1580951678907:stacktrace
1580951865565:exit
1580951888668:register-product
1580957104389:exit
1580957123033:register-product
1580957165247:stacktrace
1580957439679:exit
1580957590453:register-product
1580957621800:exit
1580957679332:register-product
1580957750363:exit
1580957774807:register-product
1580957787094:stacktrace
1580957831449:exit
1580957851356:register-product
1580958045797:exit
1580958074452:register-product
1580958849482:exit
1580958875769:register-product
1580959238448:exit
1580959255706:register-product
1580959292217:exit
1580959310132:register-product
1580959360675:exit
1580959380257:register-product
1580959440725:exit
1580959604061:register-product
1580959640849:exit
1580959663321:register-product
1580959751121:exit
1580959769662:register-product
1580959966106:clear
1580959987698:register-product
1580960021094:exit
1581777051378:list-tab
1581872495873:connect
1581872550869:exit
1581872572343:connect
1581872942424:exit
1581874374517:connect
1581877668481:exit
1581877769051:register-product
1582033344538:exit
1582441789509:register-product
1582443421902:exit
1582443464712:register-product
1582529991163:exit
1583511475386:connect
1583511490614:register-product
1583550985435:exit
1583551068779:register-product
1583551692935:exit
1583551714566:register-product
1583559078979:exit
1583559099442:register-product
1583563079258:exit
1583563104860:register-product
1583906887047:exit
1583909096954:update-product
1583909112081:19090
1583909118468:7000
1583914028342:exit
1583914049872:update-product
1583914062917:19091
1583914067943:6000
1583914514942:register-product
1583914547726:update-product
1583914552588:6767
1583914556288:7676
1583920172249:update-product
1583920185622:19093
1583920193541:8999.56
1583920200225:Soumyak
1583920206958:9701816322
1583981491035:exit
1583981521411:update-product
1583981525079:ddede
1583981535233:stacktrace
1583981539619:update-product
1583981544120:22
1583981551814:NA
1583981575092:update-product
1583981577080:22
1583982990691:exit
1583983035424:update-product
1583983043632:90
1583983051860:89
1583983066473:uiuiu
1583983078792:8
1583983083216:7
1583983085952:78
1583983094300:99
1583983101732:exit
1583983389055:update-product
1583983391092:334
1583983392180:4343
1583983827742:exit
1583985525637:register-product
1583985616227:register-sale
1583985624225:19091
1583985636536:4200
1583985640088:Deboshree
1583985645770:9701816322
1583985648062:3
1583985652317:1
1583985655606:1200
1583985896263:register-sale
1583985904728:19091
1583985918971:5000
1583985940430:Deboshree
1583985948024:9701816322
1583985950739:3
1583985954298:1
1583985957296:1200
1584036614252:register-product
1584037181534:register-sale
1584037185216:123444
1584037187744:3333
1584037202804:333
1584037206025:33
1584037208333:333
1584037215477:exit
1584123698466:register-sale
1584123750826:100045
1584123760156:600
1584123774061:Shravanti
1584123807899:1
1584123815081:0
1584123844771:NA
1584123864815:register-sale
1584123869361:1000045
1584123872193:600
1584123879318:Shravanti
1584123883490:1
1584123886042:0
1584123889413:NA
1584124040992:register-sale
1584124054450:1000046
1584124060803:600
1584124069017:Shravanti
1584124079672:1
1584124089717:0
1584124095660:NA
1584124142578:register-sale
1584124176454:1000041
1584124188559:200
1584124223928:Shravanti
1584124234432:1
1584124241008:200
1584124249756:register-sale
1584124320897:1000041
1584124324346:0
1584124329138:NA
1584124338550:-999
1584124341109:NA
1584124344821:0
1584124349039:NA
1584124389202:register-sale
1584124394191:100003
1584124399639:1700
1584124420739:Chakravarthy
1584124431247:1
1584124436109:0
1584124441746:NA
1584124446033:0
1584124452571:NA
1584124465215:register-sale
1584124481156:1000003
1584124484471:1700
1584124489792:Chakravarthy
1584124492068:1
1584124494337:0
1584124500875:NA
1584124503523:0
1584124505081:NA
1584124514056:register-sale
1584124522181:1000004
1584124527608:1700
1584124565682:Vishalakshhi
1584124573983:1
1584124584915:0
1584124587087:NA
1584124623272:register-sale
1584124628413:1000016
1584124644982:600
1584124657461:Shamla
1584124666495:1
1584124673399:600
1584124682866:register-sale
1584124699314:1000025
1584124705380:850
1584124711756:Somoshukla
1584124720915:1
1584124727190:0
1584124746098:NA
1584124755580:register-sale
1584124785887:1000030
1584124790897:850
1584124794865:Uma
1584124800576:1
1584124806327:850
1584124811075:register-sale
1584124820866:1000049
1584124833677:1445
1584124843879:Bhargavi
1584124848673:1
1584124857562:1445
1584124862015:register-sale
1584124886341:1000055
1584124890999:850
1584124901682:Somoshukla
1584124906633:1
1584124911762:850
1584124923875:register-sale
1584124929135:1000068
1584124934171:500
1584124939174:Manisha
1584124947498:1
1584124950129:0
1584124962213:NA
1584124972131:register-sale
1584124984316:1000070
1584124989320:500
1584124992068:Manisha
1584124995131:1
1584124998599:0
1584125003929:NA
1584125017456:register-sale
1584125021957:1000071
1584125026781:500
1584125030200:Manisha
1584125032101:1
1584125035091:NA
1584125042132:register-sale
1584125063849:1000072
1584125075740:600
1584125083007:Shamla
1584125247701:1
1584125259700:600
1584125265726:register-sale
1584125272302:1000016
1584125280349:-999
1584125350668:register-sale
1584125403084:1000076
1584125408354:330
1584125411821:Uma
1584125416282:1
1584125421128:330
1584125431212:register-sale
1584126164808:1000078
1584126169555:500
1584126173103:Niru
1584126183820:1
1584126209921:500
1584154390984:exit
1584154506339:register-sale
1584154512080:12345
1584154517377:4555
1584154520858:ererer
1584154589127:register-sale
1584154807724:1000041
1584154878443:0.1
1584155419460:exit
1584155449877:register-sale
1584155454363:1000041
1584155461033:RESET
1584155741196:exit
1584155793586:1000041
1584155797879:register-sale
1584155801590:1000041
1584155807521:RESET
1584156119053:register-sale
1584156123027:1000041
1584156130261:300
1584156139677:1
1584156160762:register-sale
1584156164433:1000041
1584156167652:RESET
1584156253935:register-sale
1584156262674:1000016
1584156266148:RESET
1584157035718:exit
1584157072362:register-sale
1584157076480:1000041
1584157095315:RESET
1584272083909:exit
1584272237522:register-sale
1584272265432:1000048
1584272273711:1445
1584272280999:Sushmita
1584272288943:1
1584272295252:1445
1584272298455:SOLD
1584272308627:register-sale
1584272331917:1000088
1584272336581:330
1584272342238:Rashmi
1584272346448:1
1584272351279:330
1584272353437:SOLD
1584272359321:register-sale
1584272369142:1000013
1584272375894:400
1584272381926:Supriti
1584272388395:1
1584272394436:400
1584272396945:SOLD
1584272402776:register-sale
1584272422701:1000006
1584272428120:1700
1584272434190:Uday Bhanu
1584272441793:1
1584272448413:1700
1584272451754:SOLD
1584272464821:register-sale
1584272472680:1000074
1584272476724:330
1584272484455:Uday Bhanu
1584272488316:1
1584272493144:330
1584272495073:SOLD
1584272540866:register-sale
1584272549486:1000087
1584272553831:330
1584272560570:Poulomi
1584272563569:1
1584272568257:330
1584272570969:SOLD
1584272578299:register-sale
1584272589917:1000030
1584272595314:850
1584272603777:Suman
1584272611317:1
1584272618873:850
1584272621034:SOLD
1584272630245:register-sale
1584272636698:1000037
1584272640528:1275
1584272653739:Achutya
1584272670200:1
1584272686574:1275
1584272689517:SOLD
1584276593262:register-sale
1584276598189:10000006
1584276603369:1700
1584276715692:Shravanti
1584276720557:1
1584276723230:0
1584276735695:NA
1584276746331:SOLD
1584276757478:register-sale
1584276768107:1000006
1584276770830:1700
1584276775605:Shravanti
1584288148727:register-sale
1584288323818:1000086
1584288403653:330
1584288410025:Manisha
1584288414385:1
1584288419525:330
1584288421966:SOLD
1584288435546:register-sale
1584288444991:1000041
1584288455626:250
1584288459242:Manisha
1584288465976:1
1584288472666:330
1584288474489:SOLD
1584288481412:register-sale
1584288489761:1000043
1584288493882:250
1584288496753:Manisha
1584288498669:1
1584288502073:250
1584288503507:SOLD
1584288576187:register-sale
1584288582130:1000038
1584288586728:600
1584288600642:Santhoshi
1584288614565:1
1584288617462:600
1584288619354:SOLD
1584288656392:register-sale
1584288660200:1000079
1584288663838:330
1584288667612:Manisha
1584288669621:1
1584288671638:0
1584288689946:SOLD
1584291095741:find-stock-by-status
1584291100016:SOLD
1584291290938:exit
1584291310356:find-stock-by-status
1584291311938:SOLD
1584291329448:exit
1584291347422:find-stock-by-status
1584291349018:SOLD
1584292077934:exit
1584292102474:find-unsold-stock
1584292795443:exit
1584292829011:find-unsold-stock
1584292874615:exit
1584292898970:find-unsold-stock
1584293344062:find-sold-stock
1584293606581:register-sale
1584293741752:1000064
1584293747593:6000
1584293759337:Durgesh Nandini
1584293769860:1
1584293773073:0
1584293777672:NA
1584293785867:SOLD
1584293801991:find-sold-stock
1584293972495:exit
1584368344926:find-unsold-stock
1584368731426:register-sale
1584368736123:1000023
1584368741511:850
1584368748834:Durgesh Nandini
1584368756394:1
1584368789848:register-sale
1584368792474:1000023
1584368795461:850
1584368799513:Durgesh Nandini
1584368802392:1
1584368810508:SOLD
1584368942843:find-unsold-stock
1584369126286:register-sale
1584369132699:1000015
1584369139042:400
1584369144919:Durgesh Nandini
1584369147114:1
1584369151596:SOLD
1584369217679:register-sale
1584369219134:1000020
1584369225404:400
1584369231217:Durgesh Nandini
1584369233578:1
1584369236617:SOLD
1584369242909:register-sale
1584369245978:1000018
1584369248479:400
1584369253701:Durgesh Nandini
1584369255707:1
1584369258395:SOLD
1584369265546:register-sale
1584369270907:1000014
1584369274934:400
1584369279806:Durgesh Nandini
1584369282309:1
1584369284975:SOLD
1584369291126:register-sale
1584369295675:1000016
1584369300844:400
1584369305797:Durgesh Nandini
1584369307795:1
1584369311511:SOLD
1584369331209:find-unsold-stock
1584369362442:register-sale
1584369363828:1000019
1584369365845:400
1584369370383:Durgesh Nandini
1584369372055:1
1584369375193:SOLD
1584369655475:register-sale
1584369659111:1000064
1584369663293:5500
1584369675862:Durgesh Nandini
1584369679762:1
1584369686172:5500
1584369689028:SOLD
1584369866656:find-unsold-stock
1584369884253:register-sale
1584369885673:1000026
1584369893595:800
1584369898825:Durgesh Nandini
1584369903501:1
1584369909289:SOLD
1584369930755:find-unsold-stock
1584369961399:register-sale
1584369963727:1000028
1584369972923:1100
1584369977809:Durgesh Nandini
1584369980830:1
1584369984466:SOLD
1584381446093:find-unsold-stock
1584810099104:exit
1584810176939:find-unsold-stock
1584810190546:find-sold-stock
1584810198023:clear
1584810208048:find-sold-stock
1584810883924:exit
1584810950529:find-unsold-stock
1584811315418:exit
1584811372978:find-unsold-stock
1584811531828:exit
1584811554499:find-sold-stock
1584812511429:find-unsold-stock
1584812680704:exit
1584812702557:find-sold-stock
1584812743556:find-unsold-stock
1584813079359:find-sold-stock
1584813216381:find-unsold-stock
1584813225347:find-sold-stock
1584814102617:find-unsold-stock
1584814306037:exit
1584814326742:find-sold-stock
1584814378407:exit
1584814422620:find-unsold-stock
1584814464857:register-sale
1584814477068:1000057
1584814483371:1900
1584814491554:Madhuri
1584814497859:1
1584814504684:1900
1584814507565:SOLD
1584814535830:find-unsold-stock
1584814652956:register-sale
1584814656020:1000040
1584814676181:300
1584814687502:Kavitha
1584814716470:1
1584814721271:0
1584814734120:SOLD
1584814742237:find-unsold-stock
1584814834013:register-sale
1584814837779:1000069
1584814843210:RESET
1584814877452:RETURNED
1584814884115:find-unsold-stock
1584814998198:register-sale
1584815006349:1000075
1584815019105:660
1584815048343:Vani & Shamla
1584815056202:2
1584815057858:1
1584815064703:330
1584815067195:SOLD
1584815082733:register-sale
1584815085132:1000080
1584815094813:330
1584815102803:Shayantika
1584815114594:1
1584815120871:SOLD
1584815131852:find-unsold-stock
1584815225342:register-sale
1584815227935:1000081
1584815231695:650
1584815235323:Sudha
1584815242294:1
1584815247156:SOLD
1584815253328:register-sale
1584815266672:find-unsold-stock
1584815392268:register-sale
1584815394127:1000084
1584815399883:650
1584815414621:register-sale
1584815417630:1000084
1584815425663:650
1584815428840:Sudha
1584815430986:1
1584815433996:SOLD
1584815454615:register-sale
1584815457700:1000082
1584815460537:650
1584815463204:Sudha
1584815465338:1
1584815472825:SOLD
1584815482098:register-sale
1584815483996:1000083
1584815487173:650
1584815491748:Sudha
1584815494464:1
1584815498062:SOLD
1584815507994:find-unsold-stock
1584815566037:register-sale
1584815568551:1000053
1584815575943:RESET
1584815599686:RETURNED
1584815608194:find-unsold-stock
1584815753656:register-sale
1584815755571:1000031
1584815763301:850
1584815781166:Suma
1584815786809:1
1584815792319:850
1584815794445:SOLD
1584815800333:find-unsold-stock
1584815893848:register-sale
1584815895574:1000058
1584815900535:RESET
1584815912538:RETURNED
1584815918343:find-unsold-stock
1584815955017:register-sale
1584815962032:1000077
1584816015869:4000
1584816021146:Manisha
1584816024479:1
1584816030955:4000
1584816033766:SOLD
1584816038981:register-sale
1584816052848:find-unsold-stock
1584816106183:register-sale
1584816110030:1000027
1584816123143:600
1584816151847:Santhoshi
1584816154432:1
1584816159679:600
1584816165837:SOLD
1584816174722:find-unsold-stock
1584816210477:find-sold-stock
1584816421873:clear
1584816434264:find-unsold-stock
1584817118983:find-sold-stock
1584817178970:find-unsold-stock
1584817188713:find-sold-stock
1584817311024:find-unsold-stock
1584817558329:clear
1584817560074:find-unsold-stock
1584817572903:clear
1584817577279:find-unsold-stock
1584817674285:find-sold-stock
1584818176558:register-product
1584818280708:find-sold-stock
1584818292047:find-unsold-stock
1584818370509:register-sale
1584818375191:1000066
1584818406880:RESET
1584818417535:RETURNED
